<?xml version="1.0" encoding="UTF-8"?>
<!-- Generated by org.testng.reporters.JUnitReportReporter -->
<testsuite skipped="1" hostname="Nallans-NewPC" name="com.guru99.qa.TestCases.CheckOutPageTest" tests="2" failures="0" timestamp="08 Mar 2018 23:34:11 GMT" time="18.155" errors="0">
  <testcase name="EnterValuesTest" time="18.155" classname="com.guru99.qa.TestCases.CheckOutPageTest"/>
  <testcase name="verifyPageTitleTest" classname="com.guru99.qa.TestCases.CheckOutPageTest">
    <skipped/>
  </testcase> <!-- verifyPageTitleTest -->
</testsuite> <!-- com.guru99.qa.TestCases.CheckOutPageTest -->
