<?xml version="1.0" encoding="UTF-8"?>
<!-- Generated by org.testng.reporters.JUnitReportReporter -->
<testsuite skipped="2" hostname="Nallans-NewPC" name="com.guru99.qa.TestCases.OrderNumberPageTest" tests="3" failures="0" timestamp="08 Mar 2018 23:34:11 GMT" time="10.135" errors="0">
  <testcase name="ClickOnPrintOrderTest" time="10.135" classname="com.guru99.qa.TestCases.OrderNumberPageTest"/>
  <testcase name="verifyPageTitleTest" classname="com.guru99.qa.TestCases.OrderNumberPageTest">
    <skipped/>
  </testcase> <!-- verifyPageTitleTest -->
  <testcase name="verifyPageHeaderTest" classname="com.guru99.qa.TestCases.OrderNumberPageTest">
    <skipped/>
  </testcase> <!-- verifyPageHeaderTest -->
</testsuite> <!-- com.guru99.qa.TestCases.OrderNumberPageTest -->
