<?xml version="1.0" encoding="UTF-8"?>
<!-- Generated by org.testng.reporters.JUnitReportReporter -->
<testsuite skipped="1" hostname="Nallans-NewPC" name="com.guru99.qa.TestCases.CreateNewCustomerAcctTest" tests="2" failures="0" timestamp="08 Mar 2018 23:34:11 GMT" time="9.108" errors="0">
  <testcase name="verifyCreateNewCustomerAcctTitleTest" time="9.108" classname="com.guru99.qa.TestCases.CreateNewCustomerAcctTest"/>
  <testcase name="ValidRegistrationTest" classname="com.guru99.qa.TestCases.CreateNewCustomerAcctTest">
    <skipped/>
  </testcase> <!-- ValidRegistrationTest -->
</testsuite> <!-- com.guru99.qa.TestCases.CreateNewCustomerAcctTest -->
