<?xml version="1.0" encoding="UTF-8"?>
<!-- Generated by org.testng.reporters.JUnitReportReporter -->
<testsuite skipped="0" hostname="Nallans-NewPC" name="com.guru99.qa.TestCases.ShoppingCartTest" tests="4" failures="0" timestamp="08 Mar 2018 23:34:11 GMT" time="45.638" errors="0">
  <testcase name="verifyPageTitleTest" time="10.848" classname="com.guru99.qa.TestCases.ShoppingCartTest"/>
  <testcase name="ClickOnProceedToCheckOutTest" time="11.594" classname="com.guru99.qa.TestCases.ShoppingCartTest"/>
  <testcase name="ClickAndUpdateQtyFieldTest" time="11.490" classname="com.guru99.qa.TestCases.ShoppingCartTest"/>
  <testcase name="verifyTotalPriceTest" time="11.706" classname="com.guru99.qa.TestCases.ShoppingCartTest"/>
</testsuite> <!-- com.guru99.qa.TestCases.ShoppingCartTest -->
