<?xml version="1.0" encoding="UTF-8"?>
<!-- Generated by org.testng.reporters.JUnitReportReporter -->
<testsuite skipped="0" hostname="Nallans-NewPC" name="com.guru99.qa.TestCases.SonyDetailedPageTest" tests="3" failures="0" timestamp="08 Mar 2018 23:34:11 GMT" time="26.645" errors="0">
  <testcase name="PageTitleTest" time="8.676" classname="com.guru99.qa.TestCases.SonyDetailedPageTest"/>
  <testcase name="verifySonyCostTest" time="9.117" classname="com.guru99.qa.TestCases.SonyDetailedPageTest"/>
  <testcase name="CompareSonyCostTest" time="8.852" classname="com.guru99.qa.TestCases.SonyDetailedPageTest"/>
</testsuite> <!-- com.guru99.qa.TestCases.SonyDetailedPageTest -->
