<?xml version="1.0" encoding="UTF-8"?>
<!-- Generated by org.testng.reporters.JUnitReportReporter -->
<testsuite skipped="0" hostname="Nallans-NewPC" name="com.guru99.qa.TestCases.HomePageTest" tests="3" failures="0" timestamp="08 Mar 2018 23:34:11 GMT" time="19.792" errors="0">
  <testcase name="verifySiteTitleTest" time="6.693" classname="com.guru99.qa.TestCases.HomePageTest"/>
  <testcase name="ClickOnMobileTest" time="6.463" classname="com.guru99.qa.TestCases.HomePageTest"/>
  <testcase name="ClickOnTvLinkTest" time="6.636" classname="com.guru99.qa.TestCases.HomePageTest"/>
</testsuite> <!-- com.guru99.qa.TestCases.HomePageTest -->
