<?xml version="1.0" encoding="UTF-8"?>
<!-- Generated by org.testng.reporters.JUnitReportReporter -->
<testsuite skipped="0" hostname="Nallans-NewPC" name="com.guru99.qa.TestCases.ChangeOrReorderTest" tests="1" failures="0" timestamp="08 Mar 2018 23:34:11 GMT" time="14.471" errors="0">
  <testcase name="verifyTitle" time="14.471" classname="com.guru99.qa.TestCases.ChangeOrReorderTest"/>
</testsuite> <!-- com.guru99.qa.TestCases.ChangeOrReorderTest -->
