<?xml version="1.0" encoding="UTF-8"?>
<!-- Generated by org.testng.reporters.JUnitReportReporter -->
<testsuite skipped="1" hostname="Nallans-NewPC" name="com.guru99.qa.TestCases.CustomerLoginTest" tests="3" failures="0" timestamp="08 Mar 2018 23:34:11 GMT" time="17.712" errors="0">
  <testcase name="verifyCustomerLoginHeaderTest" time="8.023" classname="com.guru99.qa.TestCases.CustomerLoginTest"/>
  <testcase name="LoginTest" time="9.689" classname="com.guru99.qa.TestCases.CustomerLoginTest"/>
  <testcase name="ClickOnCreateAcctBtnTest" classname="com.guru99.qa.TestCases.CustomerLoginTest">
    <skipped/>
  </testcase> <!-- ClickOnCreateAcctBtnTest -->
</testsuite> <!-- com.guru99.qa.TestCases.CustomerLoginTest -->
