<?xml version="1.0" encoding="UTF-8"?>
<!-- Generated by org.testng.reporters.JUnitReportReporter -->
<testsuite skipped="0" hostname="Nallans-NewPC" name="com.guru99.qa.TestCases.ChangeOrReorderTest" tests="1" failures="0" timestamp="10 Mar 2018 00:36:53 GMT" time="13.831" errors="0">
  <testcase name="verifyTitle" time="13.831" classname="com.guru99.qa.TestCases.ChangeOrReorderTest"/>
</testsuite> <!-- com.guru99.qa.TestCases.ChangeOrReorderTest -->
