<?xml version="1.0" encoding="UTF-8"?>
<!-- Generated by org.testng.reporters.JUnitReportReporter -->
<testsuite skipped="0" hostname="Nallans-NewPC" name="com.guru99.qa.TestCases.DiscountTest" tests="1" failures="0" timestamp="10 Mar 2018 00:35:01 GMT" time="12.439" errors="0">
  <testcase name="verifyDiscountPrice" time="12.439" classname="com.guru99.qa.TestCases.DiscountTest"/>
</testsuite> <!-- com.guru99.qa.TestCases.DiscountTest -->
