<?xml version="1.0" encoding="UTF-8"?>
<!-- Generated by org.testng.reporters.JUnitReportReporter -->
<testsuite skipped="0" hostname="Nallans-NewPC" name="com.guru99.qa.TestCases.MobilePageTest" tests="6" failures="0" timestamp="08 Mar 2018 23:34:11 GMT" time="47.889" errors="0">
  <testcase name="verifyMobilePageTitleTest" time="7.927" classname="com.guru99.qa.TestCases.MobilePageTest"/>
  <testcase name="DropDowntest" time="8.788" classname="com.guru99.qa.TestCases.MobilePageTest"/>
  <testcase name="verifySonyMobileCostTest" time="7.928" classname="com.guru99.qa.TestCases.MobilePageTest"/>
  <testcase name="ClickOnSonyTest" time="7.824" classname="com.guru99.qa.TestCases.MobilePageTest"/>
  <testcase name="ClickOnSonyAddToCartBtnTest" time="6.944" classname="com.guru99.qa.TestCases.MobilePageTest"/>
  <testcase name="ComparePricesTest" time="8.478" classname="com.guru99.qa.TestCases.MobilePageTest"/>
</testsuite> <!-- com.guru99.qa.TestCases.MobilePageTest -->
