<?xml version="1.0" encoding="UTF-8"?>
<!-- Generated by org.testng.reporters.JUnitReportReporter -->
<testsuite skipped="0" hostname="Nallans-NewPC" name="com.guru99.qa.TestCases.SonyCheckOutTest" tests="3" failures="0" timestamp="08 Mar 2018 23:34:11 GMT" time="29.335" errors="0">
  <testcase name="verifySonyCheckOutPageTitleTest" time="9.555" classname="com.guru99.qa.TestCases.SonyCheckOutTest"/>
  <testcase name="verifyErrorMsgTest" time="10.386" classname="com.guru99.qa.TestCases.SonyCheckOutTest"/>
  <testcase name="verifyEmptyCartMsgTest" time="9.394" classname="com.guru99.qa.TestCases.SonyCheckOutTest"/>
</testsuite> <!-- com.guru99.qa.TestCases.SonyCheckOutTest -->
