<?xml version="1.0" encoding="UTF-8"?>
<!-- Generated by org.testng.reporters.JUnitReportReporter -->
<testsuite skipped="0" hostname="Nallans-NewPC" name="com.guru99.qa.TestCases.MobilePageTest" tests="6" failures="0" timestamp="09 Mar 2018 15:33:30 GMT" time="61.062" errors="0">
  <testcase name="verifyMobilePageTitleTest" time="9.977" classname="com.guru99.qa.TestCases.MobilePageTest"/>
  <testcase name="DropDowntest" time="9.612" classname="com.guru99.qa.TestCases.MobilePageTest"/>
  <testcase name="verifySonyMobileCostTest" time="9.104" classname="com.guru99.qa.TestCases.MobilePageTest"/>
  <testcase name="ClickOnSonyTest" time="10.023" classname="com.guru99.qa.TestCases.MobilePageTest"/>
  <testcase name="ClickOnSonyAddToCartBtnTest" time="9.502" classname="com.guru99.qa.TestCases.MobilePageTest"/>
  <testcase name="ComparePricesTest" time="12.844" classname="com.guru99.qa.TestCases.MobilePageTest"/>
</testsuite> <!-- com.guru99.qa.TestCases.MobilePageTest -->
