<?xml version="1.0" encoding="UTF-8"?>
<!-- Generated by org.testng.reporters.JUnitReportReporter -->
<testsuite skipped="0" hostname="Nallans-NewPC" name="com.guru99.qa.TestCases.MyOrderPageTest" tests="2" failures="0" timestamp="08 Mar 2018 23:34:11 GMT" time="19.804" errors="0">
  <testcase name="verifyPageTitleTest" time="9.784" classname="com.guru99.qa.TestCases.MyOrderPageTest"/>
  <testcase name="ClickOnViewOrderLinkTest" time="10.020" classname="com.guru99.qa.TestCases.MyOrderPageTest"/>
</testsuite> <!-- com.guru99.qa.TestCases.MyOrderPageTest -->
