<?xml version="1.0" encoding="UTF-8"?>
<!-- Generated by org.testng.reporters.JUnitReportReporter -->
<testsuite skipped="1" hostname="Nallans-NewPC" name="com.guru99.qa.TestCases.CreateNewCustomerAcctTest" tests="2" failures="0" timestamp="08 Mar 2018 23:46:37 GMT" time="18.906" errors="0">
  <testcase name="verifyCreateNewCustomerAcctTitleTest" time="18.906" classname="com.guru99.qa.TestCases.CreateNewCustomerAcctTest"/>
  <testcase name="ValidRegistrationTest" classname="com.guru99.qa.TestCases.CreateNewCustomerAcctTest">
    <skipped/>
  </testcase> <!-- ValidRegistrationTest -->
</testsuite> <!-- com.guru99.qa.TestCases.CreateNewCustomerAcctTest -->
