<?xml version="1.0" encoding="UTF-8"?>
<!-- Generated by org.testng.reporters.JUnitReportReporter -->
<testsuite skipped="0" hostname="Nallans-NewPC" name="com.guru99.qa.TestCases.SonyCheckOutTest" tests="3" failures="0" timestamp="08 Mar 2018 23:46:37 GMT" time="28.461" errors="0">
  <testcase name="verifySonyCheckOutPageTitleTest" time="8.059" classname="com.guru99.qa.TestCases.SonyCheckOutTest"/>
  <testcase name="verifyErrorMsgTest" time="10.023" classname="com.guru99.qa.TestCases.SonyCheckOutTest"/>
  <testcase name="verifyEmptyCartMsgTest" time="10.379" classname="com.guru99.qa.TestCases.SonyCheckOutTest"/>
</testsuite> <!-- com.guru99.qa.TestCases.SonyCheckOutTest -->
