<?xml version="1.0" encoding="UTF-8"?>
<!-- Generated by org.testng.reporters.JUnitReportReporter -->
<testsuite skipped="0" hostname="Nallans-NewPC" name="com.guru99.qa.TestCases.WishlistSharingPageTest" tests="2" failures="0" timestamp="08 Mar 2018 23:46:37 GMT" time="21.719" errors="0">
  <testcase name="verifyPageTitleTest" time="10.759" classname="com.guru99.qa.TestCases.WishlistSharingPageTest"/>
  <testcase name="EnterValuesAndClickTest" time="10.960" classname="com.guru99.qa.TestCases.WishlistSharingPageTest"/>
</testsuite> <!-- com.guru99.qa.TestCases.WishlistSharingPageTest -->
