<?xml version="1.0" encoding="UTF-8"?>
<!-- Generated by org.testng.reporters.JUnitReportReporter -->
<testsuite skipped="0" hostname="Nallans-NewPC" name="com.guru99.qa.TestCases.MyOrderPageTest" tests="2" failures="0" timestamp="08 Mar 2018 23:46:37 GMT" time="21.406" errors="0">
  <testcase name="verifyPageTitleTest" time="11.725" classname="com.guru99.qa.TestCases.MyOrderPageTest"/>
  <testcase name="ClickOnViewOrderLinkTest" time="9.681" classname="com.guru99.qa.TestCases.MyOrderPageTest"/>
</testsuite> <!-- com.guru99.qa.TestCases.MyOrderPageTest -->
