<?xml version="1.0" encoding="UTF-8"?>
<!-- Generated by org.testng.reporters.JUnitReportReporter -->
<testsuite skipped="0" hostname="Nallans-NewPC" name="com.guru99.qa.TestCases.HomePageTest" tests="3" failures="0" timestamp="08 Mar 2018 23:46:37 GMT" time="23.207" errors="0">
  <testcase name="verifySiteTitleTest" time="7.529" classname="com.guru99.qa.TestCases.HomePageTest"/>
  <testcase name="ClickOnMobileTest" time="7.989" classname="com.guru99.qa.TestCases.HomePageTest"/>
  <testcase name="ClickOnTvLinkTest" time="7.689" classname="com.guru99.qa.TestCases.HomePageTest"/>
</testsuite> <!-- com.guru99.qa.TestCases.HomePageTest -->
