<?xml version="1.0" encoding="UTF-8"?>
<!-- Generated by org.testng.reporters.JUnitReportReporter -->
<testsuite skipped="0" hostname="Nallans-NewPC" name="com.guru99.qa.TestCases.MobilePageTest" tests="6" failures="0" timestamp="08 Mar 2018 23:46:37 GMT" time="52.931" errors="0">
  <testcase name="verifyMobilePageTitleTest" time="8.727" classname="com.guru99.qa.TestCases.MobilePageTest"/>
  <testcase name="DropDowntest" time="8.503" classname="com.guru99.qa.TestCases.MobilePageTest"/>
  <testcase name="verifySonyMobileCostTest" time="8.063" classname="com.guru99.qa.TestCases.MobilePageTest"/>
  <testcase name="ClickOnSonyTest" time="8.910" classname="com.guru99.qa.TestCases.MobilePageTest"/>
  <testcase name="ClickOnSonyAddToCartBtnTest" time="8.936" classname="com.guru99.qa.TestCases.MobilePageTest"/>
  <testcase name="ComparePricesTest" time="9.792" classname="com.guru99.qa.TestCases.MobilePageTest"/>
</testsuite> <!-- com.guru99.qa.TestCases.MobilePageTest -->
