<?xml version="1.0" encoding="UTF-8"?>
<!-- Generated by org.testng.reporters.JUnitReportReporter -->
<testsuite skipped="0" hostname="Nallans-NewPC" name="com.guru99.qa.TestCases.SonyDetailedPageTest" tests="3" failures="0" timestamp="08 Mar 2018 23:46:37 GMT" time="28.071" errors="0">
  <testcase name="PageTitleTest" time="9.041" classname="com.guru99.qa.TestCases.SonyDetailedPageTest"/>
  <testcase name="verifySonyCostTest" time="9.478" classname="com.guru99.qa.TestCases.SonyDetailedPageTest"/>
  <testcase name="CompareSonyCostTest" time="9.552" classname="com.guru99.qa.TestCases.SonyDetailedPageTest"/>
</testsuite> <!-- com.guru99.qa.TestCases.SonyDetailedPageTest -->
