<?xml version="1.0" encoding="UTF-8"?>
<!-- Generated by org.testng.reporters.JUnitReportReporter -->
<testsuite skipped="0" hostname="Nallans-NewPC" name="com.guru99.qa.TestCases.MyWishlistPageTest" tests="2" failures="0" timestamp="08 Mar 2018 23:46:37 GMT" time="20.189" errors="0">
  <testcase name="verifyPageTitleTest" time="10.178" classname="com.guru99.qa.TestCases.MyWishlistPageTest"/>
  <testcase name="ClickOnShareWishListTest" time="10.011" classname="com.guru99.qa.TestCases.MyWishlistPageTest"/>
</testsuite> <!-- com.guru99.qa.TestCases.MyWishlistPageTest -->
