<?xml version="1.0" encoding="UTF-8"?>
<!-- Generated by org.testng.reporters.JUnitReportReporter -->
<testsuite skipped="0" hostname="Nallans-NewPC" name="com.guru99.qa.TestCases.TvPageTest" tests="2" failures="0" timestamp="08 Mar 2018 23:46:37 GMT" time="16.358" errors="0">
  <testcase name="verifyTvPageTitleTest" time="8.216" classname="com.guru99.qa.TestCases.TvPageTest"/>
  <testcase name="ClickOnLgAddToWishListTest" time="8.142" classname="com.guru99.qa.TestCases.TvPageTest"/>
</testsuite> <!-- com.guru99.qa.TestCases.TvPageTest -->
